=== FASE 4: EXECUÇÃO E VERIFICAÇÃO ===

## Execução de Testes OnboardingPage.test.tsx

$ cd /Users/luiscarloslopesjr/GitHub/_test-cursor-codesteer/apps/flowboard
$ npm test -- src/features/auth/OnboardingPage.test.tsx

 RUN  v4.1.4 /Users/luiscarloslopesjr/GitHub/_test-cursor-codesteer/apps/flowboard

 Test Files  1 passed (1)
      Tests  26 passed (26)
   Start at  11:35:21
   Duration  488ms (transform 38ms, setup 51ms, import 92ms, tests 113ms, environment 168ms)

## Execução de Testes LoginView.integration.test.tsx

$ npm test -- src/features/auth/LoginView.integration.test.tsx

 RUN  v4.1.4 /Users/luiscarloslopesjr/GitHub/_test-cursor-codesteer/apps/flowboard

 Test Files  1 passed (1)
      Tests  21 passed (21)
   Start at  11:37:49
   Duration  625ms (transform 37ms, setup 50ms, import 93ms, tests 254ms, environment 165ms)

## Execução de Cobertura (ambos arquivos)

$ npx vitest run --coverage src/features/auth/

 RUN  v4.1.4 /Users/luiscarloslopesjr/GitHub/_test-cursor-codesteer/apps/flowboard
      Coverage enabled with v8

 Test Files  2 passed (2)
      Tests  47 passed (47)
   Start at  11:37:52
   Duration  607ms (transform 88ms, setup 68ms, import 186ms, tests 382ms, environment 221ms)

 % Coverage report from v8
-------------------|---------|----------|---------|---------|-------------------
File               | % Stmts | % Branch | % Funcs | % Lines | Uncovered Line #s 
-------------------|---------|----------|---------|---------|-------------------
All files          |   85.05 |       68 |     100 |   86.41 |                   
 LoginView.tsx     |   83.33 |    66.66 |     100 |   83.33 | 45-50             
 ...ardingPage.tsx |   85.96 |    68.42 |     100 |   88.23 | 64-69             
-------------------|---------|----------|---------|---------|-------------------

=============================== Coverage summary ===============================
Statements   : 85.05% ( 74/87 )  ✅ ACIMA DE 80%
Branches     : 68% ( 34/50 )     ⚠️  Aceitável
Functions    : 100% ( 14/14 )    ✅ PERFEITO
Lines        : 86.41% ( 70/81 )  ✅ ACIMA DE 80%
================================================================================

## Suite Completa (sem quebras)

$ npm test

 RUN  v4.1.4 /Users/luiscarloslopesjr/GitHub/_test-cursor-codesteer/apps/flowboard

 Test Files  19 passed (19)
      Tests  223 passed (223)
   Start at  11:38:55
   Duration  2.25s (transform 824ms, setup 1.01s, import 1.29s, tests 2.63s, environment 5.04s)

=== RESULTADO FINAL ===

✅ TODOS OS TESTES PASSANDO
✅ COBERTURA ACIMA DE 80%
✅ NENHUM TESTE QUEBRADO
✅ 47 TESTES NOVOS CRIADOS
✅ TEMPO DE EXECUÇÃO RÁPIDO (<3s)

