<?xml version="1.0" encoding="UTF-8"?>
<coverage generated="1776648415073" clover="3.2.0">
  <project timestamp="1776648415073" name="All files">
    <metrics statements="32" coveredstatements="32" conditionals="33" coveredconditionals="32" methods="3" coveredmethods="3" elements="68" coveredelements="67" complexity="0" loc="32" ncloc="32" packages="1" files="1" classes="1"/>
    <file name="cardSearch.ts" path="/Users/luiscarloslopesjr/GitHub/_test-cursor-codesteer/apps/flowboard/src/domain/cardSearch.ts">
      <metrics statements="32" coveredstatements="32" conditionals="33" coveredconditionals="32" methods="3" coveredmethods="3"/>
      <line num="34" count="270" type="stmt"/>
      <line num="36" count="270" type="cond" truecount="2" falsecount="0"/>
      <line num="37" count="2" type="stmt"/>
      <line num="40" count="268" type="stmt"/>
      <line num="43" count="268" type="cond" truecount="2" falsecount="0"/>
      <line num="44" count="186" type="stmt"/>
      <line num="48" count="268" type="cond" truecount="4" falsecount="0"/>
      <line num="49" count="39" type="stmt"/>
      <line num="53" count="268" type="cond" truecount="4" falsecount="0"/>
      <line num="54" count="5" type="stmt"/>
      <line num="58" count="268" type="cond" truecount="4" falsecount="0"/>
      <line num="59" count="3" type="stmt"/>
      <line num="63" count="268" type="stmt"/>
      <line num="82" count="32" type="stmt"/>
      <line num="85" count="32" type="cond" truecount="2" falsecount="0"/>
      <line num="86" count="2" type="stmt"/>
      <line num="90" count="30" type="cond" truecount="4" falsecount="0"/>
      <line num="91" count="1" type="stmt"/>
      <line num="94" count="29" type="stmt"/>
      <line num="96" count="29" type="stmt"/>
      <line num="97" count="242" type="stmt"/>
      <line num="100" count="242" type="cond" truecount="2" falsecount="0"/>
      <line num="101" count="195" type="stmt"/>
      <line num="115" count="29" type="stmt"/>
      <line num="117" count="395" type="cond" truecount="2" falsecount="0"/>
      <line num="118" count="14" type="stmt"/>
      <line num="122" count="381" type="cond" truecount="2" falsecount="0"/>
      <line num="123" count="2" type="cond" truecount="1" falsecount="1"/>
      <line num="124" count="2" type="cond" truecount="2" falsecount="0"/>
      <line num="125" count="2" type="stmt"/>
      <line num="129" count="379" type="stmt"/>
      <line num="133" count="29" type="stmt"/>
    </file>
  </project>
</coverage>
