<?xml version="1.0" encoding="UTF-8"?>
<coverage generated="1776710305432" clover="3.2.0">
  <project timestamp="1776710305432" name="All files">
    <metrics statements="29" coveredstatements="28" conditionals="8" coveredconditionals="7" methods="17" coveredmethods="17" elements="54" coveredelements="52" complexity="0" loc="29" ncloc="29" packages="4" files="7" classes="7"/>
    <package name="data">
      <metrics statements="0" coveredstatements="0" conditionals="0" coveredconditionals="0" methods="0" coveredmethods="0"/>
      <file name="releases.json" path="/Users/luiscarloslopesjr/GitHub/_test-cursor-codesteer/apps/flowboard/src/data/releases.json">
        <metrics statements="0" coveredstatements="0" conditionals="0" coveredconditionals="0" methods="0" coveredmethods="0"/>
      </file>
    </package>
    <package name="features.release-notes">
      <metrics statements="11" coveredstatements="11" conditionals="2" coveredconditionals="2" methods="7" coveredmethods="7"/>
      <file name="ReleaseNotesPage.tsx" path="/Users/luiscarloslopesjr/GitHub/_test-cursor-codesteer/apps/flowboard/src/features/release-notes/ReleaseNotesPage.tsx">
        <metrics statements="11" coveredstatements="11" conditionals="2" coveredconditionals="2" methods="7" coveredmethods="7"/>
        <line num="8" count="1" type="stmt"/>
        <line num="11" count="11" type="cond" truecount="2" falsecount="0"/>
        <line num="12" count="8" type="stmt"/>
        <line num="14" count="3" type="stmt"/>
        <line num="15" count="6" type="stmt"/>
        <line num="17" count="12" type="stmt"/>
        <line num="19" count="6" type="stmt"/>
        <line num="23" count="11" type="stmt"/>
        <line num="25" count="11" type="stmt"/>
        <line num="27" count="11" type="stmt"/>
        <line num="36" count="21" type="stmt"/>
      </file>
      <file name="release-notes.css" path="/Users/luiscarloslopesjr/GitHub/_test-cursor-codesteer/apps/flowboard/src/features/release-notes/release-notes.css">
        <metrics statements="0" coveredstatements="0" conditionals="0" coveredconditionals="0" methods="0" coveredmethods="0"/>
      </file>
    </package>
    <package name="features.release-notes.components">
      <metrics statements="12" coveredstatements="12" conditionals="4" coveredconditionals="4" methods="7" coveredmethods="7"/>
      <file name="ChangeCard.tsx" path="/Users/luiscarloslopesjr/GitHub/_test-cursor-codesteer/apps/flowboard/src/features/release-notes/components/ChangeCard.tsx">
        <metrics statements="4" coveredstatements="4" conditionals="0" coveredconditionals="0" methods="1" coveredmethods="1"/>
        <line num="3" count="1" type="stmt"/>
        <line num="10" count="1" type="stmt"/>
        <line num="17" count="1" type="stmt"/>
        <line num="29" count="37" type="stmt"/>
      </file>
      <file name="FilterBar.tsx" path="/Users/luiscarloslopesjr/GitHub/_test-cursor-codesteer/apps/flowboard/src/features/release-notes/components/FilterBar.tsx">
        <metrics statements="4" coveredstatements="4" conditionals="2" coveredconditionals="2" methods="3" coveredmethods="3"/>
        <line num="10" count="1" type="stmt"/>
        <line num="19" count="11" type="stmt"/>
        <line num="22" count="55" type="stmt"/>
        <line num="26" count="4" type="stmt"/>
      </file>
      <file name="ReleaseCard.tsx" path="/Users/luiscarloslopesjr/GitHub/_test-cursor-codesteer/apps/flowboard/src/features/release-notes/components/ReleaseCard.tsx">
        <metrics statements="4" coveredstatements="4" conditionals="2" coveredconditionals="2" methods="3" coveredmethods="3"/>
        <line num="5" count="21" type="stmt"/>
        <line num="6" count="21" type="stmt"/>
        <line num="14" count="21" type="stmt"/>
        <line num="27" count="37" type="stmt"/>
      </file>
    </package>
    <package name="features.release-notes.hooks">
      <metrics statements="6" coveredstatements="5" conditionals="2" coveredconditionals="1" methods="3" coveredmethods="3"/>
      <file name="useCurrentVersion.ts" path="/Users/luiscarloslopesjr/GitHub/_test-cursor-codesteer/apps/flowboard/src/features/release-notes/hooks/useCurrentVersion.ts">
        <metrics statements="6" coveredstatements="5" conditionals="2" coveredconditionals="1" methods="3" coveredmethods="3"/>
        <line num="5" count="1" type="stmt"/>
        <line num="11" count="1" type="stmt"/>
        <line num="12" count="2" type="stmt"/>
        <line num="13" count="1" type="cond" truecount="1" falsecount="1"/>
        <line num="14" count="0" type="stmt"/>
        <line num="16" count="1" type="stmt"/>
      </file>
    </package>
  </project>
</coverage>
