{"/Users/luiscarloslopesjr/GitHub/_test-cursor-codesteer/apps/flowboard/src/domain/cardSearch.ts": {"path":"/Users/luiscarloslopesjr/GitHub/_test-cursor-codesteer/apps/flowboard/src/domain/cardSearch.ts","statementMap":{"0":{"start":{"line":34,"column":26},"end":{"line":34,"column":52}},"1":{"start":{"line":36,"column":2},"end":{"line":37,"column":null}},"2":{"start":{"line":37,"column":4},"end":{"line":37,"column":null}},"3":{"start":{"line":40,"column":14},"end":{"line":40,"column":null}},"4":{"start":{"line":43,"column":2},"end":{"line":44,"column":null}},"5":{"start":{"line":44,"column":4},"end":{"line":44,"column":null}},"6":{"start":{"line":48,"column":2},"end":{"line":49,"column":null}},"7":{"start":{"line":49,"column":4},"end":{"line":49,"column":null}},"8":{"start":{"line":53,"column":2},"end":{"line":54,"column":null}},"9":{"start":{"line":54,"column":4},"end":{"line":54,"column":null}},"10":{"start":{"line":58,"column":2},"end":{"line":59,"column":null}},"11":{"start":{"line":59,"column":4},"end":{"line":59,"column":null}},"12":{"start":{"line":63,"column":2},"end":{"line":63,"column":null}},"13":{"start":{"line":82,"column":26},"end":{"line":82,"column":52}},"14":{"start":{"line":85,"column":2},"end":{"line":86,"column":null}},"15":{"start":{"line":86,"column":4},"end":{"line":86,"column":null}},"16":{"start":{"line":90,"column":2},"end":{"line":91,"column":null}},"17":{"start":{"line":91,"column":4},"end":{"line":91,"column":null}},"18":{"start":{"line":94,"column":38},"end":{"line":94,"column":40}},"19":{"start":{"line":96,"column":2},"end":{"line":110,"column":null}},"20":{"start":{"line":97,"column":18},"end":{"line":97,"column":40}},"21":{"start":{"line":100,"column":4},"end":{"line":110,"column":null}},"22":{"start":{"line":101,"column":6},"end":{"line":110,"column":null}},"23":{"start":{"line":115,"column":2},"end":{"line":130,"column":null}},"24":{"start":{"line":117,"column":4},"end":{"line":118,"column":null}},"25":{"start":{"line":118,"column":6},"end":{"line":118,"column":null}},"26":{"start":{"line":122,"column":4},"end":{"line":125,"column":null}},"27":{"start":{"line":123,"column":20},"end":{"line":123,"column":null}},"28":{"start":{"line":124,"column":20},"end":{"line":124,"column":null}},"29":{"start":{"line":125,"column":6},"end":{"line":125,"column":null}},"30":{"start":{"line":129,"column":4},"end":{"line":129,"column":null}},"31":{"start":{"line":133,"column":2},"end":{"line":133,"column":null}}},"fnMap":{"0":{"name":"scoreCard","decl":{"start":{"line":33,"column":16},"end":{"line":33,"column":26}},"loc":{"start":{"line":33,"column":61},"end":{"line":63,"column":null}},"line":33},"1":{"name":"searchCards","decl":{"start":{"line":81,"column":16},"end":{"line":81,"column":28}},"loc":{"start":{"line":81,"column":104},"end":{"line":133,"column":null}},"line":81},"2":{"name":"(anonymous_2)","decl":{"start":{"line":115,"column":10},"end":{"line":115,"column":16}},"loc":{"start":{"line":115,"column":25},"end":{"line":130,"column":null}},"line":115}},"branchMap":{"0":{"loc":{"start":{"line":36,"column":2},"end":{"line":37,"column":null}},"type":"if","locations":[{"start":{"line":36,"column":2},"end":{"line":37,"column":null}},{"start":{},"end":{}}],"line":36},"1":{"loc":{"start":{"line":43,"column":2},"end":{"line":44,"column":null}},"type":"if","locations":[{"start":{"line":43,"column":2},"end":{"line":44,"column":null}},{"start":{},"end":{}}],"line":43},"2":{"loc":{"start":{"line":48,"column":2},"end":{"line":49,"column":null}},"type":"if","locations":[{"start":{"line":48,"column":2},"end":{"line":49,"column":null}},{"start":{},"end":{}}],"line":48},"3":{"loc":{"start":{"line":48,"column":6},"end":{"line":48,"column":82}},"type":"binary-expr","locations":[{"start":{"line":48,"column":6},"end":{"line":48,"column":26}},{"start":{"line":48,"column":26},"end":{"line":48,"column":82}}],"line":48},"4":{"loc":{"start":{"line":53,"column":2},"end":{"line":54,"column":null}},"type":"if","locations":[{"start":{"line":53,"column":2},"end":{"line":54,"column":null}},{"start":{},"end":{}}],"line":53},"5":{"loc":{"start":{"line":53,"column":6},"end":{"line":53,"column":82}},"type":"binary-expr","locations":[{"start":{"line":53,"column":6},"end":{"line":53,"column":26}},{"start":{"line":53,"column":26},"end":{"line":53,"column":82}}],"line":53},"6":{"loc":{"start":{"line":58,"column":2},"end":{"line":59,"column":null}},"type":"if","locations":[{"start":{"line":58,"column":2},"end":{"line":59,"column":null}},{"start":{},"end":{}}],"line":58},"7":{"loc":{"start":{"line":58,"column":6},"end":{"line":58,"column":95}},"type":"binary-expr","locations":[{"start":{"line":58,"column":6},"end":{"line":58,"column":41}},{"start":{"line":58,"column":41},"end":{"line":58,"column":95}}],"line":58},"8":{"loc":{"start":{"line":81,"column":58},"end":{"line":81,"column":104}},"type":"default-arg","locations":[{"start":{"line":81,"column":79},"end":{"line":81,"column":104}}],"line":81},"9":{"loc":{"start":{"line":85,"column":2},"end":{"line":86,"column":null}},"type":"if","locations":[{"start":{"line":85,"column":2},"end":{"line":86,"column":null}},{"start":{},"end":{}}],"line":85},"10":{"loc":{"start":{"line":90,"column":2},"end":{"line":91,"column":null}},"type":"if","locations":[{"start":{"line":90,"column":2},"end":{"line":91,"column":null}},{"start":{},"end":{}}],"line":90},"11":{"loc":{"start":{"line":90,"column":6},"end":{"line":90,"column":36}},"type":"binary-expr","locations":[{"start":{"line":90,"column":6},"end":{"line":90,"column":16}},{"start":{"line":90,"column":16},"end":{"line":90,"column":36}}],"line":90},"12":{"loc":{"start":{"line":100,"column":4},"end":{"line":110,"column":null}},"type":"if","locations":[{"start":{"line":100,"column":4},"end":{"line":110,"column":null}},{"start":{},"end":{}}],"line":100},"13":{"loc":{"start":{"line":117,"column":4},"end":{"line":118,"column":null}},"type":"if","locations":[{"start":{"line":117,"column":4},"end":{"line":118,"column":null}},{"start":{},"end":{}}],"line":117},"14":{"loc":{"start":{"line":122,"column":4},"end":{"line":125,"column":null}},"type":"if","locations":[{"start":{"line":122,"column":4},"end":{"line":125,"column":null}},{"start":{},"end":{}}],"line":122},"15":{"loc":{"start":{"line":123,"column":20},"end":{"line":123,"column":null}},"type":"cond-expr","locations":[{"start":{"line":123,"column":34},"end":{"line":123,"column":65}},{"start":{"line":123,"column":68},"end":{"line":123,"column":null}}],"line":123},"16":{"loc":{"start":{"line":124,"column":20},"end":{"line":124,"column":null}},"type":"cond-expr","locations":[{"start":{"line":124,"column":34},"end":{"line":124,"column":65}},{"start":{"line":124,"column":68},"end":{"line":124,"column":null}}],"line":124}},"s":{"0":270,"1":270,"2":2,"3":268,"4":268,"5":186,"6":268,"7":39,"8":268,"9":5,"10":268,"11":3,"12":268,"13":32,"14":32,"15":2,"16":30,"17":1,"18":29,"19":29,"20":242,"21":242,"22":195,"23":29,"24":395,"25":14,"26":381,"27":2,"28":2,"29":2,"30":379,"31":29},"f":{"0":270,"1":32,"2":395},"b":{"0":[2,268],"1":[186,82],"2":[39,229],"3":[268,89],"4":[5,263],"5":[268,66],"6":[3,265],"7":[268,64],"8":[32],"9":[2,30],"10":[1,29],"11":[30,30],"12":[195,47],"13":[14,381],"14":[2,379],"15":[2,0],"16":[1,1]},"meta":{"lastBranch":17,"lastFunction":3,"lastStatement":32,"seen":{"f:33:16:33:26":0,"s:34:26:34:52":0,"b:36:2:37:Infinity:undefined:undefined:undefined:undefined":0,"s:36:2:37:Infinity":1,"s:37:4:37:Infinity":2,"s:40:14:40:Infinity":3,"b:43:2:44:Infinity:undefined:undefined:undefined:undefined":1,"s:43:2:44:Infinity":4,"s:44:4:44:Infinity":5,"b:48:2:49:Infinity:undefined:undefined:undefined:undefined":2,"s:48:2:49:Infinity":6,"b:48:6:48:26:48:26:48:82":3,"s:49:4:49:Infinity":7,"b:53:2:54:Infinity:undefined:undefined:undefined:undefined":4,"s:53:2:54:Infinity":8,"b:53:6:53:26:53:26:53:82":5,"s:54:4:54:Infinity":9,"b:58:2:59:Infinity:undefined:undefined:undefined:undefined":6,"s:58:2:59:Infinity":10,"b:58:6:58:41:58:41:58:95":7,"s:59:4:59:Infinity":11,"s:63:2:63:Infinity":12,"f:81:16:81:28":1,"b:81:79:81:104":8,"s:82:26:82:52":13,"b:85:2:86:Infinity:undefined:undefined:undefined:undefined":9,"s:85:2:86:Infinity":14,"s:86:4:86:Infinity":15,"b:90:2:91:Infinity:undefined:undefined:undefined:undefined":10,"s:90:2:91:Infinity":16,"b:90:6:90:16:90:16:90:36":11,"s:91:4:91:Infinity":17,"s:94:38:94:40":18,"s:96:2:110:Infinity":19,"s:97:18:97:40":20,"b:100:4:110:Infinity:undefined:undefined:undefined:undefined":12,"s:100:4:110:Infinity":21,"s:101:6:110:Infinity":22,"s:115:2:130:Infinity":23,"f:115:10:115:16":2,"b:117:4:118:Infinity:undefined:undefined:undefined:undefined":13,"s:117:4:118:Infinity":24,"s:118:6:118:Infinity":25,"b:122:4:125:Infinity:undefined:undefined:undefined:undefined":14,"s:122:4:125:Infinity":26,"s:123:20:123:Infinity":27,"b:123:34:123:65:123:68:123:Infinity":15,"s:124:20:124:Infinity":28,"b:124:34:124:65:124:68:124:Infinity":16,"s:125:6:125:Infinity":29,"s:129:4:129:Infinity":30,"s:133:2:133:Infinity":31}}}
}
