{"/Users/luiscarloslopesjr/GitHub/_test-cursor-codesteer/apps/flowboard/src/features/auth/LoginView.css": {"path":"/Users/luiscarloslopesjr/GitHub/_test-cursor-codesteer/apps/flowboard/src/features/auth/LoginView.css","statementMap":{},"fnMap":{},"branchMap":{},"s":{},"f":{},"b":{},"meta":{"lastBranch":0,"lastFunction":0,"lastStatement":0,"seen":{}}}
,"/Users/luiscarloslopesjr/GitHub/_test-cursor-codesteer/apps/flowboard/src/features/auth/LoginView.tsx": {"path":"/Users/luiscarloslopesjr/GitHub/_test-cursor-codesteer/apps/flowboard/src/features/auth/LoginView.tsx","statementMap":{"0":{"start":{"line":13,"column":18},"end":{"line":13,"column":44}},"1":{"start":{"line":14,"column":14},"end":{"line":14,"column":36}},"2":{"start":{"line":15,"column":16},"end":{"line":15,"column":40}},"3":{"start":{"line":16,"column":15},"end":{"line":16,"column":41}},"4":{"start":{"line":19,"column":4},"end":{"line":19,"column":null}},"5":{"start":{"line":20,"column":4},"end":{"line":20,"column":null}},"6":{"start":{"line":21,"column":10},"end":{"line":21,"column":47}},"7":{"start":{"line":22,"column":4},"end":{"line":24,"column":null}},"8":{"start":{"line":23,"column":6},"end":{"line":23,"column":null}},"9":{"start":{"line":24,"column":6},"end":{"line":24,"column":null}},"10":{"start":{"line":26,"column":4},"end":{"line":28,"column":null}},"11":{"start":{"line":27,"column":6},"end":{"line":27,"column":null}},"12":{"start":{"line":28,"column":6},"end":{"line":28,"column":null}},"13":{"start":{"line":31,"column":19},"end":{"line":35,"column":6}},"14":{"start":{"line":37,"column":4},"end":{"line":37,"column":null}},"15":{"start":{"line":38,"column":4},"end":{"line":53,"column":null}},"16":{"start":{"line":39,"column":6},"end":{"line":39,"column":null}},"17":{"start":{"line":40,"column":6},"end":{"line":40,"column":null}},"18":{"start":{"line":41,"column":12},"end":{"line":41,"column":71}},"19":{"start":{"line":42,"column":6},"end":{"line":42,"column":null}},"20":{"start":{"line":43,"column":6},"end":{"line":43,"column":null}},"21":{"start":{"line":45,"column":6},"end":{"line":50,"column":null}},"22":{"start":{"line":46,"column":8},"end":{"line":46,"column":null}},"23":{"start":{"line":47,"column":17},"end":{"line":50,"column":null}},"24":{"start":{"line":48,"column":8},"end":{"line":48,"column":null}},"25":{"start":{"line":50,"column":8},"end":{"line":50,"column":null}},"26":{"start":{"line":53,"column":6},"end":{"line":53,"column":null}},"27":{"start":{"line":57,"column":2},"end":{"line":110,"column":null}},"28":{"start":{"line":84,"column":32},"end":{"line":84,"column":59}},"29":{"start":{"line":96,"column":32},"end":{"line":96,"column":55}}},"fnMap":{"0":{"name":"LoginView","decl":{"start":{"line":12,"column":16},"end":{"line":12,"column":26}},"loc":{"start":{"line":12,"column":50},"end":{"line":110,"column":null}},"line":12},"1":{"name":"handleSubmit","decl":{"start":{"line":18,"column":17},"end":{"line":18,"column":30}},"loc":{"start":{"line":18,"column":44},"end":{"line":53,"column":null}},"line":18},"2":{"name":"(anonymous_2)","decl":{"start":{"line":84,"column":14},"end":{"line":84,"column":25}},"loc":{"start":{"line":84,"column":32},"end":{"line":84,"column":59}},"line":84},"3":{"name":"(anonymous_3)","decl":{"start":{"line":96,"column":14},"end":{"line":96,"column":25}},"loc":{"start":{"line":96,"column":32},"end":{"line":96,"column":55}},"line":96}},"branchMap":{"0":{"loc":{"start":{"line":22,"column":4},"end":{"line":24,"column":null}},"type":"if","locations":[{"start":{"line":22,"column":4},"end":{"line":24,"column":null}},{"start":{},"end":{}}],"line":22},"1":{"loc":{"start":{"line":26,"column":4},"end":{"line":28,"column":null}},"type":"if","locations":[{"start":{"line":26,"column":4},"end":{"line":28,"column":null}},{"start":{},"end":{}}],"line":26},"2":{"loc":{"start":{"line":45,"column":6},"end":{"line":50,"column":null}},"type":"if","locations":[{"start":{"line":45,"column":6},"end":{"line":50,"column":null}},{"start":{"line":47,"column":17},"end":{"line":50,"column":null}}],"line":45},"3":{"loc":{"start":{"line":47,"column":17},"end":{"line":50,"column":null}},"type":"if","locations":[{"start":{"line":47,"column":17},"end":{"line":50,"column":null}},{"start":{"line":49,"column":13},"end":{"line":50,"column":null}}],"line":47},"4":{"loc":{"start":{"line":71,"column":9},"end":{"line":75,"column":null}},"type":"cond-expr","locations":[{"start":{"line":72,"column":10},"end":{"line":75,"column":null}},{"start":{"line":75,"column":12},"end":{"line":75,"column":null}}],"line":71},"5":{"loc":{"start":{"line":106,"column":13},"end":{"line":106,"column":null}},"type":"cond-expr","locations":[{"start":{"line":106,"column":20},"end":{"line":106,"column":36}},{"start":{"line":106,"column":36},"end":{"line":106,"column":null}}],"line":106}},"s":{"0":112,"1":112,"2":112,"3":112,"4":5,"5":5,"6":5,"7":5,"8":3,"9":3,"10":2,"11":1,"12":1,"13":1,"14":1,"15":1,"16":1,"17":1,"18":1,"19":1,"20":1,"21":0,"22":0,"23":0,"24":0,"25":0,"26":1,"27":112,"28":67,"29":18},"f":{"0":112,"1":5,"2":67,"3":18},"b":{"0":[3,2],"1":[1,1],"2":[0,0],"3":[0,0],"4":[4,108],"5":[1,111]},"meta":{"lastBranch":6,"lastFunction":4,"lastStatement":30,"seen":{"f:12:16:12:26":0,"s:13:18:13:44":0,"s:14:14:14:36":1,"s:15:16:15:40":2,"s:16:15:16:41":3,"f:18:17:18:30":1,"s:19:4:19:Infinity":4,"s:20:4:20:Infinity":5,"s:21:10:21:47":6,"b:22:4:24:Infinity:undefined:undefined:undefined:undefined":0,"s:22:4:24:Infinity":7,"s:23:6:23:Infinity":8,"s:24:6:24:Infinity":9,"b:26:4:28:Infinity:undefined:undefined:undefined:undefined":1,"s:26:4:28:Infinity":10,"s:27:6:27:Infinity":11,"s:28:6:28:Infinity":12,"s:31:19:35:6":13,"s:37:4:37:Infinity":14,"s:38:4:53:Infinity":15,"s:39:6:39:Infinity":16,"s:40:6:40:Infinity":17,"s:41:12:41:71":18,"s:42:6:42:Infinity":19,"s:43:6:43:Infinity":20,"b:45:6:50:Infinity:47:17:50:Infinity":2,"s:45:6:50:Infinity":21,"s:46:8:46:Infinity":22,"b:47:17:50:Infinity:49:13:50:Infinity":3,"s:47:17:50:Infinity":23,"s:48:8:48:Infinity":24,"s:50:8:50:Infinity":25,"s:53:6:53:Infinity":26,"s:57:2:110:Infinity":27,"b:72:10:75:Infinity:75:12:75:Infinity":4,"f:84:14:84:25":2,"s:84:32:84:59":28,"f:96:14:96:25":3,"s:96:32:96:55":29,"b:106:20:106:36:106:36:106:Infinity":5}}}
,"/Users/luiscarloslopesjr/GitHub/_test-cursor-codesteer/apps/flowboard/src/features/auth/OnboardingPage.css": {"path":"/Users/luiscarloslopesjr/GitHub/_test-cursor-codesteer/apps/flowboard/src/features/auth/OnboardingPage.css","statementMap":{},"fnMap":{},"branchMap":{},"s":{},"f":{},"b":{},"meta":{"lastBranch":0,"lastFunction":0,"lastStatement":0,"seen":{}}}
,"/Users/luiscarloslopesjr/GitHub/_test-cursor-codesteer/apps/flowboard/src/features/auth/OnboardingPage.tsx": {"path":"/Users/luiscarloslopesjr/GitHub/_test-cursor-codesteer/apps/flowboard/src/features/auth/OnboardingPage.tsx","statementMap":{"0":{"start":{"line":20,"column":8},"end":{"line":20,"column":50}},"1":{"start":{"line":21,"column":8},"end":{"line":21,"column":47}},"2":{"start":{"line":22,"column":8},"end":{"line":22,"column":58}},"3":{"start":{"line":25,"column":2},"end":{"line":75,"column":null}},"4":{"start":{"line":26,"column":4},"end":{"line":26,"column":null}},"5":{"start":{"line":26,"column":17},"end":{"line":26,"column":null}},"6":{"start":{"line":29,"column":4},"end":{"line":29,"column":null}},"7":{"start":{"line":31,"column":18},"end":{"line":31,"column":null}},"8":{"start":{"line":32,"column":4},"end":{"line":32,"column":null}},"9":{"start":{"line":32,"column":16},"end":{"line":32,"column":null}},"10":{"start":{"line":35,"column":6},"end":{"line":35,"column":null}},"11":{"start":{"line":37,"column":10},"end":{"line":41,"column":null}},"12":{"start":{"line":38,"column":20},"end":{"line":38,"column":74}},"13":{"start":{"line":39,"column":6},"end":{"line":41,"column":null}},"14":{"start":{"line":40,"column":16},"end":{"line":40,"column":79}},"15":{"start":{"line":46,"column":10},"end":{"line":69,"column":null}},"16":{"start":{"line":47,"column":6},"end":{"line":50,"column":null}},"17":{"start":{"line":48,"column":8},"end":{"line":48,"column":null}},"18":{"start":{"line":49,"column":8},"end":{"line":49,"column":null}},"19":{"start":{"line":50,"column":8},"end":{"line":50,"column":null}},"20":{"start":{"line":53,"column":6},"end":{"line":53,"column":null}},"21":{"start":{"line":53,"column":27},"end":{"line":53,"column":null}},"22":{"start":{"line":54,"column":24},"end":{"line":54,"column":39}},"23":{"start":{"line":55,"column":6},"end":{"line":55,"column":null}},"24":{"start":{"line":55,"column":34},"end":{"line":55,"column":null}},"25":{"start":{"line":56,"column":20},"end":{"line":56,"column":null}},"26":{"start":{"line":57,"column":19},"end":{"line":57,"column":null}},"27":{"start":{"line":58,"column":21},"end":{"line":58,"column":null}},"28":{"start":{"line":59,"column":6},"end":{"line":62,"column":null}},"29":{"start":{"line":60,"column":8},"end":{"line":60,"column":null}},"30":{"start":{"line":61,"column":9},"end":{"line":61,"column":null}},"31":{"start":{"line":62,"column":8},"end":{"line":62,"column":null}},"32":{"start":{"line":64,"column":6},"end":{"line":69,"column":null}},"33":{"start":{"line":65,"column":8},"end":{"line":65,"column":null}},"34":{"start":{"line":66,"column":8},"end":{"line":66,"column":null}},"35":{"start":{"line":67,"column":17},"end":{"line":69,"column":null}},"36":{"start":{"line":68,"column":8},"end":{"line":68,"column":null}},"37":{"start":{"line":69,"column":8},"end":{"line":69,"column":null}},"38":{"start":{"line":73,"column":4},"end":{"line":73,"column":null}},"39":{"start":{"line":74,"column":4},"end":{"line":74,"column":null}},"40":{"start":{"line":74,"column":17},"end":{"line":74,"column":75}},"41":{"start":{"line":78,"column":2},"end":{"line":83,"column":null}},"42":{"start":{"line":79,"column":4},"end":{"line":79,"column":null}},"43":{"start":{"line":79,"column":16},"end":{"line":79,"column":null}},"44":{"start":{"line":80,"column":4},"end":{"line":81,"column":null}},"45":{"start":{"line":81,"column":6},"end":{"line":81,"column":null}},"46":{"start":{"line":86,"column":8},"end":{"line":92,"column":null}},"47":{"start":{"line":88,"column":6},"end":{"line":89,"column":null}},"48":{"start":{"line":89,"column":8},"end":{"line":89,"column":null}},"49":{"start":{"line":96,"column":8},"end":{"line":103,"column":null}},"50":{"start":{"line":98,"column":6},"end":{"line":100,"column":null}},"51":{"start":{"line":99,"column":8},"end":{"line":99,"column":null}},"52":{"start":{"line":100,"column":8},"end":{"line":100,"column":null}},"53":{"start":{"line":106,"column":2},"end":{"line":107,"column":null}},"54":{"start":{"line":107,"column":4},"end":{"line":107,"column":null}},"55":{"start":{"line":110,"column":2},"end":{"line":280,"column":null}},"56":{"start":{"line":120,"column":24},"end":{"line":120,"column":43}}},"fnMap":{"0":{"name":"OnboardingPage","decl":{"start":{"line":19,"column":16},"end":{"line":19,"column":31}},"loc":{"start":{"line":19,"column":73},"end":{"line":280,"column":null}},"line":19},"1":{"name":"(anonymous_1)","decl":{"start":{"line":25,"column":2},"end":{"line":25,"column":18}},"loc":{"start":{"line":25,"column":18},"end":{"line":75,"column":6}},"line":25},"2":{"name":"(anonymous_2)","decl":{"start":{"line":37,"column":10},"end":{"line":37,"column":47}},"loc":{"start":{"line":37,"column":47},"end":{"line":41,"column":null}},"line":37},"3":{"name":"(anonymous_3)","decl":{"start":{"line":39,"column":24},"end":{"line":39,"column":null}},"loc":{"start":{"line":40,"column":16},"end":{"line":40,"column":79}},"line":40},"4":{"name":"(anonymous_4)","decl":{"start":{"line":46,"column":10},"end":{"line":46,"column":31}},"loc":{"start":{"line":46,"column":63},"end":{"line":69,"column":null}},"line":46},"5":{"name":"(anonymous_5)","decl":{"start":{"line":74,"column":4},"end":{"line":74,"column":17}},"loc":{"start":{"line":74,"column":17},"end":{"line":74,"column":75}},"line":74},"6":{"name":"(anonymous_6)","decl":{"start":{"line":78,"column":2},"end":{"line":78,"column":18}},"loc":{"start":{"line":78,"column":18},"end":{"line":83,"column":6}},"line":78},"7":{"name":"(anonymous_7)","decl":{"start":{"line":86,"column":30},"end":{"line":86,"column":null}},"loc":{"start":{"line":87,"column":45},"end":{"line":92,"column":5}},"line":87},"8":{"name":"(anonymous_8)","decl":{"start":{"line":96,"column":29},"end":{"line":96,"column":null}},"loc":{"start":{"line":97,"column":42},"end":{"line":103,"column":5}},"line":97},"9":{"name":"(anonymous_9)","decl":{"start":{"line":120,"column":8},"end":{"line":120,"column":18}},"loc":{"start":{"line":120,"column":24},"end":{"line":120,"column":43}},"line":120}},"branchMap":{"0":{"loc":{"start":{"line":26,"column":4},"end":{"line":26,"column":null}},"type":"if","locations":[{"start":{"line":26,"column":4},"end":{"line":26,"column":null}},{"start":{},"end":{}}],"line":26},"1":{"loc":{"start":{"line":32,"column":4},"end":{"line":32,"column":null}},"type":"if","locations":[{"start":{"line":32,"column":4},"end":{"line":32,"column":null}},{"start":{},"end":{}}],"line":32},"2":{"loc":{"start":{"line":40,"column":16},"end":{"line":40,"column":79}},"type":"binary-expr","locations":[{"start":{"line":40,"column":16},"end":{"line":40,"column":61}},{"start":{"line":40,"column":61},"end":{"line":40,"column":79}}],"line":40},"3":{"loc":{"start":{"line":47,"column":6},"end":{"line":50,"column":null}},"type":"if","locations":[{"start":{"line":47,"column":6},"end":{"line":50,"column":null}},{"start":{},"end":{}}],"line":47},"4":{"loc":{"start":{"line":53,"column":6},"end":{"line":53,"column":null}},"type":"if","locations":[{"start":{"line":53,"column":6},"end":{"line":53,"column":null}},{"start":{},"end":{}}],"line":53},"5":{"loc":{"start":{"line":55,"column":6},"end":{"line":55,"column":null}},"type":"if","locations":[{"start":{"line":55,"column":6},"end":{"line":55,"column":null}},{"start":{},"end":{}}],"line":55},"6":{"loc":{"start":{"line":59,"column":6},"end":{"line":62,"column":null}},"type":"if","locations":[{"start":{"line":59,"column":6},"end":{"line":62,"column":null}},{"start":{},"end":{}}],"line":59},"7":{"loc":{"start":{"line":59,"column":10},"end":{"line":59,"column":69}},"type":"binary-expr","locations":[{"start":{"line":59,"column":10},"end":{"line":59,"column":46}},{"start":{"line":59,"column":46},"end":{"line":59,"column":69}}],"line":59},"8":{"loc":{"start":{"line":61,"column":10},"end":{"line":61,"column":37}},"type":"cond-expr","locations":[{"start":{"line":61,"column":23},"end":{"line":61,"column":30}},{"start":{"line":61,"column":30},"end":{"line":61,"column":37}}],"line":61},"9":{"loc":{"start":{"line":64,"column":6},"end":{"line":69,"column":null}},"type":"if","locations":[{"start":{"line":64,"column":6},"end":{"line":69,"column":null}},{"start":{"line":67,"column":17},"end":{"line":69,"column":null}}],"line":64},"10":{"loc":{"start":{"line":64,"column":10},"end":{"line":64,"column":42}},"type":"binary-expr","locations":[{"start":{"line":64,"column":10},"end":{"line":64,"column":24}},{"start":{"line":64,"column":24},"end":{"line":64,"column":42}}],"line":64},"11":{"loc":{"start":{"line":67,"column":17},"end":{"line":69,"column":null}},"type":"if","locations":[{"start":{"line":67,"column":17},"end":{"line":69,"column":null}},{"start":{},"end":{}}],"line":67},"12":{"loc":{"start":{"line":67,"column":17},"end":{"line":67,"column":49}},"type":"binary-expr","locations":[{"start":{"line":67,"column":17},"end":{"line":67,"column":32}},{"start":{"line":67,"column":32},"end":{"line":67,"column":49}}],"line":67},"13":{"loc":{"start":{"line":79,"column":4},"end":{"line":79,"column":null}},"type":"if","locations":[{"start":{"line":79,"column":4},"end":{"line":79,"column":null}},{"start":{},"end":{}}],"line":79},"14":{"loc":{"start":{"line":80,"column":4},"end":{"line":81,"column":null}},"type":"if","locations":[{"start":{"line":80,"column":4},"end":{"line":81,"column":null}},{"start":{},"end":{}}],"line":80},"15":{"loc":{"start":{"line":80,"column":8},"end":{"line":80,"column":83}},"type":"binary-expr","locations":[{"start":{"line":80,"column":8},"end":{"line":80,"column":35}},{"start":{"line":80,"column":35},"end":{"line":80,"column":83}}],"line":80},"16":{"loc":{"start":{"line":88,"column":6},"end":{"line":89,"column":null}},"type":"if","locations":[{"start":{"line":88,"column":6},"end":{"line":89,"column":null}},{"start":{},"end":{}}],"line":88},"17":{"loc":{"start":{"line":98,"column":6},"end":{"line":100,"column":null}},"type":"if","locations":[{"start":{"line":98,"column":6},"end":{"line":100,"column":null}},{"start":{},"end":{}}],"line":98},"18":{"loc":{"start":{"line":106,"column":2},"end":{"line":107,"column":null}},"type":"if","locations":[{"start":{"line":106,"column":2},"end":{"line":107,"column":null}},{"start":{},"end":{}}],"line":106}},"s":{"0":28,"1":28,"2":28,"3":28,"4":28,"5":3,"6":25,"7":25,"8":25,"9":0,"10":25,"11":25,"12":35,"13":35,"14":70,"15":25,"16":47,"17":4,"18":4,"19":4,"20":43,"21":8,"22":35,"23":35,"24":0,"25":35,"26":35,"27":35,"28":35,"29":35,"30":35,"31":35,"32":0,"33":0,"34":0,"35":0,"36":0,"37":0,"38":25,"39":25,"40":1,"41":28,"42":28,"43":25,"44":3,"45":1,"46":28,"47":2,"48":2,"49":28,"50":4,"51":1,"52":1,"53":28,"54":3,"55":25,"56":4},"f":{"0":28,"1":28,"2":35,"3":70,"4":47,"5":1,"6":28,"7":2,"8":4,"9":4},"b":{"0":[3,25],"1":[0,25],"2":[70,70],"3":[4,43],"4":[8,35],"5":[0,35],"6":[35,0],"7":[35,35],"8":[8,27],"9":[0,0],"10":[0,0],"11":[0,0],"12":[0,0],"13":[25,3],"14":[1,2],"15":[3,1],"16":[2,0],"17":[1,3],"18":[3,25]},"meta":{"lastBranch":19,"lastFunction":10,"lastStatement":57,"seen":{"f:19:16:19:31":0,"s:20:8:20:50":0,"s:21:8:21:47":1,"s:22:8:22:58":2,"s:25:2:75:Infinity":3,"f:25:2:25:18":1,"b:26:4:26:Infinity:undefined:undefined:undefined:undefined":0,"s:26:4:26:Infinity":4,"s:26:17:26:Infinity":5,"s:29:4:29:Infinity":6,"s:31:18:31:Infinity":7,"b:32:4:32:Infinity:undefined:undefined:undefined:undefined":1,"s:32:4:32:Infinity":8,"s:32:16:32:Infinity":9,"s:35:6:35:Infinity":10,"s:37:10:41:Infinity":11,"f:37:10:37:47":2,"s:38:20:38:74":12,"s:39:6:41:Infinity":13,"f:39:24:39:Infinity":3,"s:40:16:40:79":14,"b:40:16:40:61:40:61:40:79":2,"s:46:10:69:Infinity":15,"f:46:10:46:31":4,"b:47:6:50:Infinity:undefined:undefined:undefined:undefined":3,"s:47:6:50:Infinity":16,"s:48:8:48:Infinity":17,"s:49:8:49:Infinity":18,"s:50:8:50:Infinity":19,"b:53:6:53:Infinity:undefined:undefined:undefined:undefined":4,"s:53:6:53:Infinity":20,"s:53:27:53:Infinity":21,"s:54:24:54:39":22,"b:55:6:55:Infinity:undefined:undefined:undefined:undefined":5,"s:55:6:55:Infinity":23,"s:55:34:55:Infinity":24,"s:56:20:56:Infinity":25,"s:57:19:57:Infinity":26,"s:58:21:58:Infinity":27,"b:59:6:62:Infinity:undefined:undefined:undefined:undefined":6,"s:59:6:62:Infinity":28,"b:59:10:59:46:59:46:59:69":7,"s:60:8:60:Infinity":29,"s:61:9:61:Infinity":30,"b:61:23:61:30:61:30:61:37":8,"s:62:8:62:Infinity":31,"b:64:6:69:Infinity:67:17:69:Infinity":9,"s:64:6:69:Infinity":32,"b:64:10:64:24:64:24:64:42":10,"s:65:8:65:Infinity":33,"s:66:8:66:Infinity":34,"b:67:17:69:Infinity:undefined:undefined:undefined:undefined":11,"s:67:17:69:Infinity":35,"b:67:17:67:32:67:32:67:49":12,"s:68:8:68:Infinity":36,"s:69:8:69:Infinity":37,"s:73:4:73:Infinity":38,"s:74:4:74:Infinity":39,"f:74:4:74:17":5,"s:74:17:74:75":40,"s:78:2:83:Infinity":41,"f:78:2:78:18":6,"b:79:4:79:Infinity:undefined:undefined:undefined:undefined":13,"s:79:4:79:Infinity":42,"s:79:16:79:Infinity":43,"b:80:4:81:Infinity:undefined:undefined:undefined:undefined":14,"s:80:4:81:Infinity":44,"b:80:8:80:35:80:35:80:83":15,"s:81:6:81:Infinity":45,"s:86:8:92:Infinity":46,"f:86:30:86:Infinity":7,"b:88:6:89:Infinity:undefined:undefined:undefined:undefined":16,"s:88:6:89:Infinity":47,"s:89:8:89:Infinity":48,"s:96:8:103:Infinity":49,"f:96:29:96:Infinity":8,"b:98:6:100:Infinity:undefined:undefined:undefined:undefined":17,"s:98:6:100:Infinity":50,"s:99:8:99:Infinity":51,"s:100:8:100:Infinity":52,"b:106:2:107:Infinity:undefined:undefined:undefined:undefined":18,"s:106:2:107:Infinity":53,"s:107:4:107:Infinity":54,"s:110:2:280:Infinity":55,"f:120:8:120:18":9,"s:120:24:120:43":56}}}
}
